Determining if the pthread_create exist failed with the following output:
Change Dir: /home/balazs/projects/TDT4195/Assignment_1/gloom/CMakeFiles/CMakeTmp

Run Build Command:"/usr/bin/make" "cmTC_a9c40/fast"
/usr/bin/make -f CMakeFiles/cmTC_a9c40.dir/build.make CMakeFiles/cmTC_a9c40.dir/build
make[1]: Entering directory '/home/balazs/projects/TDT4195/Assignment_1/gloom/CMakeFiles/CMakeTmp'
Building C object CMakeFiles/cmTC_a9c40.dir/CheckSymbolExists.c.o
/usr/bin/cc    -o CMakeFiles/cmTC_a9c40.dir/CheckSymbolExists.c.o   -c /home/balazs/projects/TDT4195/Assignment_1/gloom/CMakeFiles/CMakeTmp/CheckSymbolExists.c
Linking C executable cmTC_a9c40
/usr/bin/cmake -E cmake_link_script CMakeFiles/cmTC_a9c40.dir/link.txt --verbose=1
/usr/bin/cc      -rdynamic CMakeFiles/cmTC_a9c40.dir/CheckSymbolExists.c.o  -o cmTC_a9c40 
CMakeFiles/cmTC_a9c40.dir/CheckSymbolExists.c.o: In function `main':
CheckSymbolExists.c:(.text+0x1b): undefined reference to `pthread_create'
collect2: error: ld returned 1 exit status
CMakeFiles/cmTC_a9c40.dir/build.make:97: recipe for target 'cmTC_a9c40' failed
make[1]: *** [cmTC_a9c40] Error 1
make[1]: Leaving directory '/home/balazs/projects/TDT4195/Assignment_1/gloom/CMakeFiles/CMakeTmp'
Makefile:126: recipe for target 'cmTC_a9c40/fast' failed
make: *** [cmTC_a9c40/fast] Error 2

File /home/balazs/projects/TDT4195/Assignment_1/gloom/CMakeFiles/CMakeTmp/CheckSymbolExists.c:
/* */
#include <pthread.h>

int main(int argc, char** argv)
{
  (void)argv;
#ifndef pthread_create
  return ((int*)(&pthread_create))[argc];
#else
  (void)argc;
  return 0;
#endif
}

Determining if the function pthread_create exists in the pthreads failed with the following output:
Change Dir: /home/balazs/projects/TDT4195/Assignment_1/gloom/CMakeFiles/CMakeTmp

Run Build Command:"/usr/bin/make" "cmTC_44b92/fast"
/usr/bin/make -f CMakeFiles/cmTC_44b92.dir/build.make CMakeFiles/cmTC_44b92.dir/build
make[1]: Entering directory '/home/balazs/projects/TDT4195/Assignment_1/gloom/CMakeFiles/CMakeTmp'
Building C object CMakeFiles/cmTC_44b92.dir/CheckFunctionExists.c.o
/usr/bin/cc   -DCHECK_FUNCTION_EXISTS=pthread_create   -o CMakeFiles/cmTC_44b92.dir/CheckFunctionExists.c.o   -c /usr/share/cmake-3.10/Modules/CheckFunctionExists.c
Linking C executable cmTC_44b92
/usr/bin/cmake -E cmake_link_script CMakeFiles/cmTC_44b92.dir/link.txt --verbose=1
/usr/bin/cc  -DCHECK_FUNCTION_EXISTS=pthread_create    -rdynamic CMakeFiles/cmTC_44b92.dir/CheckFunctionExists.c.o  -o cmTC_44b92 -lpthreads 
/usr/bin/x86_64-linux-gnu-ld: cannot find -lpthreads
collect2: error: ld returned 1 exit status
CMakeFiles/cmTC_44b92.dir/build.make:97: recipe for target 'cmTC_44b92' failed
make[1]: *** [cmTC_44b92] Error 1
make[1]: Leaving directory '/home/balazs/projects/TDT4195/Assignment_1/gloom/CMakeFiles/CMakeTmp'
Makefile:126: recipe for target 'cmTC_44b92/fast' failed
make: *** [cmTC_44b92/fast] Error 2


Determining if the pthread_create exist failed with the following output:
Change Dir: /home/balazs/projects/TDT4195/Assignment_1/gloom/CMakeFiles/CMakeTmp

Run Build Command:"/usr/bin/make" "cmTC_b09ba/fast"
/usr/bin/make -f CMakeFiles/cmTC_b09ba.dir/build.make CMakeFiles/cmTC_b09ba.dir/build
make[1]: Entering directory '/home/balazs/projects/TDT4195/Assignment_1/gloom/CMakeFiles/CMakeTmp'
Building C object CMakeFiles/cmTC_b09ba.dir/CheckSymbolExists.c.o
/usr/bin/cc    -o CMakeFiles/cmTC_b09ba.dir/CheckSymbolExists.c.o   -c /home/balazs/projects/TDT4195/Assignment_1/gloom/CMakeFiles/CMakeTmp/CheckSymbolExists.c
Linking C executable cmTC_b09ba
/usr/bin/cmake -E cmake_link_script CMakeFiles/cmTC_b09ba.dir/link.txt --verbose=1
/usr/bin/cc      -rdynamic CMakeFiles/cmTC_b09ba.dir/CheckSymbolExists.c.o  -o cmTC_b09ba 
CMakeFiles/cmTC_b09ba.dir/CheckSymbolExists.c.o: In function `main':
CheckSymbolExists.c:(.text+0x1b): undefined reference to `pthread_create'
collect2: error: ld returned 1 exit status
CMakeFiles/cmTC_b09ba.dir/build.make:97: recipe for target 'cmTC_b09ba' failed
make[1]: *** [cmTC_b09ba] Error 1
make[1]: Leaving directory '/home/balazs/projects/TDT4195/Assignment_1/gloom/CMakeFiles/CMakeTmp'
Makefile:126: recipe for target 'cmTC_b09ba/fast' failed
make: *** [cmTC_b09ba/fast] Error 2

File /home/balazs/projects/TDT4195/Assignment_1/gloom/CMakeFiles/CMakeTmp/CheckSymbolExists.c:
/* */
#include <pthread.h>

int main(int argc, char** argv)
{
  (void)argv;
#ifndef pthread_create
  return ((int*)(&pthread_create))[argc];
#else
  (void)argc;
  return 0;
#endif
}

Determining if the function pthread_create exists in the pthreads failed with the following output:
Change Dir: /home/balazs/projects/TDT4195/Assignment_1/gloom/CMakeFiles/CMakeTmp

Run Build Command:"/usr/bin/make" "cmTC_527ea/fast"
/usr/bin/make -f CMakeFiles/cmTC_527ea.dir/build.make CMakeFiles/cmTC_527ea.dir/build
make[1]: Entering directory '/home/balazs/projects/TDT4195/Assignment_1/gloom/CMakeFiles/CMakeTmp'
Building C object CMakeFiles/cmTC_527ea.dir/CheckFunctionExists.c.o
/usr/bin/cc   -DCHECK_FUNCTION_EXISTS=pthread_create   -o CMakeFiles/cmTC_527ea.dir/CheckFunctionExists.c.o   -c /usr/share/cmake-3.10/Modules/CheckFunctionExists.c
Linking C executable cmTC_527ea
/usr/bin/cmake -E cmake_link_script CMakeFiles/cmTC_527ea.dir/link.txt --verbose=1
/usr/bin/cc  -DCHECK_FUNCTION_EXISTS=pthread_create    -rdynamic CMakeFiles/cmTC_527ea.dir/CheckFunctionExists.c.o  -o cmTC_527ea -lpthreads 
/usr/bin/x86_64-linux-gnu-ld: cannot find -lpthreads
collect2: error: ld returned 1 exit status
CMakeFiles/cmTC_527ea.dir/build.make:97: recipe for target 'cmTC_527ea' failed
make[1]: *** [cmTC_527ea] Error 1
make[1]: Leaving directory '/home/balazs/projects/TDT4195/Assignment_1/gloom/CMakeFiles/CMakeTmp'
Makefile:126: recipe for target 'cmTC_527ea/fast' failed
make: *** [cmTC_527ea/fast] Error 2


